Arguments: 
  C:\Program Files\nodejs\node.exe C:\Users\Tito\AppData\Roaming\npm\node_modules\yarn\bin\yarn.js add react-bootstrap

PATH: 
  C:\WINDOWS\system32;C:\WINDOWS;C:\WINDOWS\System32\Wbem;C:\WINDOWS\System32\WindowsPowerShell\v1.0\;C:\WINDOWS\System32\OpenSSH\;C:\Program Files\Git\cmd;C:\Program Files\PuTTY\;C:\Program Files\nodejs\;C:\Program Files\Amazon\AWSCLIV2\;C:\ProgramData\chocolatey\bin;C:\Users\Tito\AppData\Local\Programs\Python\Python38\Scripts\;C:\Users\Tito\AppData\Local\Programs\Python\Python38\;C:\Users\Tito\AppData\Local\Microsoft\WindowsApps;;C:\Users\Tito\AppData\Local\Programs\Microsoft VS Code\bin;C:\Program Files\heroku\bin;C:\Users\Tito\AppData\Roaming\npm

Yarn version: 
  1.22.19

Node version: 
  16.13.1

Platform: 
  win32 x64

Trace: 
  Error: getaddrinfo ENOTFOUND registry.yarnpkg.com
      at GetAddrInfoReqWrap.onlookup [as oncomplete] (node:dns:71:26)

npm manifest: 
  {
    "name": "my-app",
    "version": "0.1.0",
    "private": true,
    "dependencies": {
      "@testing-library/jest-dom": "^5.16.4",
      "@testing-library/react": "^13.3.0",
      "@testing-library/user-event": "^13.5.0",
      "react": "^18.2.0",
      "react-18-image-lightbox": "^5.1.4",
      "react-dom": "^18.2.0",
      "react-modal": "^3.15.1",
      "react-scripts": "5.0.1",
      "web-vitals": "^2.1.4",
      "workbox-background-sync": "^6.5.3",
      "workbox-broadcast-update": "^6.5.3",
      "workbox-cacheable-response": "^6.5.3",
      "workbox-core": "^6.5.3",
      "workbox-expiration": "^6.5.3",
      "workbox-google-analytics": "^6.5.3",
      "workbox-navigation-preload": "^6.5.3",
      "workbox-precaching": "^6.5.3",
      "workbox-range-requests": "^6.5.3",
      "workbox-routing": "^6.5.3",
      "workbox-strategies": "^6.5.3",
      "workbox-streams": "^6.5.3"
    },
    "scripts": {
      "start": "react-scripts start",
      "build": "react-scripts build",
      "test": "react-scripts test",
      "eject": "react-scripts eject"
    },
    "eslintConfig": {
      "extends": [
        "react-app",
        "react-app/jest"
      ]
    },
    "browserslist": {
      "production": [
        ">0.2%",
        "not dead",
        "not op_mini all"
      ],
      "development": [
        "last 1 chrome version",
        "last 1 firefox version",
        "last 1 safari version"
      ]
    }
  }

yarn manifest: 
  No manifest

Lockfile: 
  No lockfile
